#
# A fatal error has been detected by the Java Runtime Environment:
#
#  EXCEPTION_ACCESS_VIOLATION (0xc0000005) at pc=0x00007ffa181826c4, pid=3200, tid=18952
#
# JRE version: OpenJDK Runtime Environment (24.0.1+9) (build 24.0.1+9-30)
# Java VM: OpenJDK 64-Bit Server VM (24.0.1+9-30, mixed mode, emulated-client, sharing, tiered, compressed oops, compressed class ptrs, g1 gc, windows-amd64)
# Problematic frame:
# C  [libasyncProfiler.dll+0x926c4]
#
# No core dump will be written. Minidumps are not enabled by default on client versions of Windows
#
# JFR recording file will be written. Location: C:\Users\user\Documents\ne_template\spring_boot\spring_boot_book\bookStore\hs_err_pid3200.jfr
#
# If you would like to submit a bug report, please visit:
#   https://bugreport.java.com/bugreport/crash.jsp
# The crash happened outside the Java Virtual Machine in native code.
# See problematic frame for where to report the bug.
#

---------------  S U M M A R Y ------------

Command Line: -XX:TieredStopAtLevel=1 -Dspring.output.ansi.enabled=always -Dcom.sun.management.jmxremote -Dspring.jmx.enabled=true -Dspring.liveBeansView.mbeanDomain -Dspring.application.admin.enabled=true -Dmanagement.endpoints.jmx.exposure.include=* -javaagent:C:\Users\user\AppData\Local\Programs\IntelliJ IDEA Ultimate\lib\idea_rt.jar=56356 -agentpath:C:\Users\user\AppData\Local\Temp\idea_libasyncProfiler_dll_temp_folder\libasyncProfiler.dll=start,jfr,event=wall,interval=10ms,jfrsync=profile,cstack=no,file=C:\Users\user\IdeaSnapshots\BookStoreApplication_2025_05_28_182059.jfr,dbghelppath=C:\Users\user\AppData\Local\Temp\idea_dbghelp_dll_temp_folder\dbghelp.dll,log=C:\Users\user\AppData\Local\Temp\BookStoreApplication_2025_05_28_182059.jfr.log.txt,logLevel=DEBUG -Dfile.encoding=UTF-8 -Dsun.stdout.encoding=UTF-8 -Dsun.stderr.encoding=UTF-8 com.shamiinnocent.bookstore.BookStoreApplication

Host: 12th Gen Intel(R) Core(TM) i7-12700, 20 cores, 15G,  Windows 11 , 64 bit Build 26100 (10.0.26100.3912)
Time: Wed May 28 18:21:00 2025 GMT Summer Time elapsed time: 0.264648 seconds (0d 0h 0m 0s)

---------------  T H R E A D  ---------------

Current thread (0x000001f020b2b4f0):  JavaThread "main"             [_thread_in_native, id=18952, stack(0x000000b740b00000,0x000000b740c00000) (1024K)]

Stack: [0x000000b740b00000,0x000000b740c00000],  sp=0x000000b740bfec70,  free space=1019k
Native frames: (J=compiled Java code, j=interpreted, Vv=VM code, C=native code)
C  [libasyncProfiler.dll+0x926c4]  (no source info available)
C  [libasyncProfiler.dll+0x92b9b]  (no source info available)
C  [libasyncProfiler.dll+0x917f4]  (no source info available)
C  [libasyncProfiler.dll+0x9206a]  (no source info available)
C  [libasyncProfiler.dll+0x8cc21]  (no source info available)
C  [libasyncProfiler.dll+0x7e5e1]  (no source info available)
C  [libasyncProfiler.dll+0x7d2f8]  (no source info available)
C  [libasyncProfiler.dll+0x7d1e0]  (no source info available)
C  [libasyncProfiler.dll+0x832fc]  (no source info available)
V  [jvm.dll+0x5e38de]  (no source info available)
V  [jvm.dll+0x886056]  (no source info available)
V  [jvm.dll+0x495f3e]  (no source info available)
V  [jvm.dll+0x497d11]  (no source info available)
C  [jli.dll+0x52a1]  (no source info available)
C  [ucrtbase.dll+0x37b0]  (no source info available)
C  [KERNEL32.DLL+0x2e8d7]  (no source info available)
C  [ntdll.dll+0x9c5dc]  (no source info available)


siginfo: EXCEPTION_ACCESS_VIOLATION (0xc0000005), reading address 0xffffffffffffffff


Registers:
RAX=0x0000000000000010, RBX=0x0000000000000000, RCX=0xffffffffffffffff, RDX=0x007ffa100d300010
RSP=0x000000b740bfec70, RBP=0x000001f07b13ae28, RSI=0x000000b740bfede0, RDI=0x000001f07b13ae28
R8 =0x0000000000000042, R9 =0x0000000714001ed8, R10=0x00007ffa10349fb0, R11=0x0000000000000002
R12=0x000000b740bfede0, R13=0x000001f01e6e9250, R14=0x000001f020b2b8b8, R15=0x000001f020b2b8b8
RIP=0x00007ffa181826c4, EFLAGS=0x0000000000010202

XMM[0]=0x0000000000000000 0x0000000000000000
XMM[1]=0x0000000000000000 0x0000000000000000
XMM[2]=0x0000000000000000 0x0000000000000000
XMM[3]=0x0000000000000000 0x0000000000000000
XMM[4]=0x0000000000000000 0x0000000000000000
XMM[5]=0x0000000000000000 0x0000000000000000
XMM[6]=0x0000000000000000 0x0000000000000000
XMM[7]=0x0000000000000000 0x0000000000000000
XMM[8]=0x0000000000000000 0x0000000000000000
XMM[9]=0x0000000000000000 0x0000000000000000
XMM[10]=0x0000000000000000 0x0000000000000000
XMM[11]=0x0000000000000000 0x0000000000000000
XMM[12]=0x0000000000000000 0x0000000000000000
XMM[13]=0x0000000000000000 0x0000000000000000
XMM[14]=0x0000000000000000 0x0000000000000000
XMM[15]=0x0000000000000000 0x0000000000000000
  MXCSR=0x00001fa0


Register to memory mapping:

RAX=0x0000000000000010 is an unknown value
RBX=0x0 is null
RCX=0xffffffffffffffff is an unknown value
RDX=0x007ffa100d300010 is an unknown value
RSP=0x000000b740bfec70 is pointing into the stack for thread: 0x000001f020b2b4f0
RBP=0x000001f07b13ae28 points into unknown readable memory: 0x0000000714001ed8 | d8 1e 00 14 07 00 00 00
RSI=0x000000b740bfede0 is pointing into the stack for thread: 0x000001f020b2b4f0
RDI=0x000001f07b13ae28 points into unknown readable memory: 0x0000000714001ed8 | d8 1e 00 14 07 00 00 00
R8 =0x0000000000000042 is an unknown value
R9 =0x0000000714001ed8 is an oop: java.lang.Thread 
{0x0000000714001ed8} - klass: 'java/lang/Thread' - flags: 

 - ---- fields (total size 14 words):
 - 'threadLocalRandomProbe' 'I' @12  0 (0x00000000)
 - private volatile 'eetop' 'J' @16  2130852361456 (0x000001f020b2b4f0)
 - private final 'tid' 'J' @24  3 (0x0000000000000003)
 - 'threadLocalRandomSeed' 'J' @32  0 (0x0000000000000000)
 - injected 'jvmti_thread_state' 'J' @40  2131204023392 (0x000001f035a8a460)
 - 'threadLocalRandomSecondarySeed' 'I' @48  0 (0x00000000)
 - injected 'jvmti_VTMS_transition_disable_count' 'I' @52  0 (0x00000000)
 - injected 'jfr_epoch' 'S' @56  0 (0x0000)
 - volatile 'interrupted' 'Z' @58  false (0x00)
 - injected 'jvmti_is_in_VTMS_transition' 'Z' @59  false (0x00)
 - private volatile 'name' 'Ljava/lang/String;' @60  "main"{0x0000000714001f48} (0xe28003e9)
 - private volatile 'contextClassLoader' 'Ljava/lang/ClassLoader;' @64  a 'jdk/internal/loader/ClassLoaders$AppClassLoader'{0x000000071402c1c0} (0xe2805838)
 - private final 'holder' 'Ljava/lang/Thread$FieldHolder;' @68  a 'java/lang/Thread$FieldHolder'{0x0000000714001f88} (0xe28003f1)
 - 'threadLocals' 'Ljava/lang/ThreadLocal$ThreadLocalMap;' @72  a 'java/lang/ThreadLocal$ThreadLocalMap'{0x0000000713f49250} (0xe27e924a)
 - 'inheritableThreadLocals' 'Ljava/lang/ThreadLocal$ThreadLocalMap;' @76  null (0x00000000)
 - private 'scopedValueBindings' 'Ljava/lang/Object;' @80  a 'java/lang/Class'{0x00000007ffe7c258} = 'java/lang/Thread' (0xfffcf84b)
 - final 'interruptLock' 'Ljava/lang/Object;' @84  a 'java/lang/Object'{0x0000000714001f78} (0xe28003ef)
 - private volatile 'parkBlocker' 'Ljava/lang/Object;' @88  null (0x00000000)
 - private 'nioBlocker' 'Lsun/nio/ch/Interruptible;' @92  null (0x00000000)
 - private 'cont' 'Ljdk/internal/vm/Continuation;' @96  null (0x00000000)
 - private volatile 'uncaughtExceptionHandler' 'Ljava/lang/Thread$UncaughtExceptionHandler;' @100  null (0x00000000)
 - private 'container' 'Ljdk/internal/vm/ThreadContainer;' @104  null (0x00000000)
 - private volatile 'headStackableScopes' 'Ljdk/internal/vm/StackableScope;' @108  null (0x00000000)
R10=0x00007ffa10349fb0 jvm.dll
R11=0x0000000000000002 is an unknown value
R12=0x000000b740bfede0 is pointing into the stack for thread: 0x000001f020b2b4f0
R13=0x000001f01e6e9250 points into unknown readable memory: 0x00007ffa102ba510 | 10 a5 2b 10 fa 7f 00 00
R14=0x000001f020b2b8b8 points into unknown readable memory: 0x00007ffa102b17b0 | b0 17 2b 10 fa 7f 00 00
R15=0x000001f020b2b8b8 points into unknown readable memory: 0x00007ffa102b17b0 | b0 17 2b 10 fa 7f 00 00

Top of Stack: (sp=0x000000b740bfec70)
0x000000b740bfec70:   000000b740bfede0 000001f07b13ae28   ...@....(..{....
0x000000b740bfec80:   0000000000000000 000001f0206b1950   ........P.k ....
0x000000b740bfec90:   000000000000001a 00007ffa18182b9b   .........+......
0x000000b740bfeca0:   0000000000000000 000001f020b2b8b8   ........... ....
0x000000b740bfecb0:   000000b740bfed01 0000000000000000   ...@............
0x000000b740bfecc0:   000001f07c766f80 00007ffa181817f4   .ov|............
0x000000b740bfecd0:   0000000000000000 000000000000001a   ................
0x000000b740bfece0:   0000000000000000 000000000000001a   ................
0x000000b740bfecf0:   0000000900000002 000001f07c782430   ........0$x|....
0x000000b740bfed00:   000001f07c766f80 000001f07c766fe8   .ov|.....ov|....
0x000000b740bfed10:   000001f07c766ff0 0000000000003ee4   .ov|.....>......
0x000000b740bfed20:   0000000000000000 0000000000000000   ................
0x000000b740bfed30:   0000000000000000 00007ffa0fb157d4   .........W......
0x000000b740bfed40:   00007ffa182c4ca0 0000000000000c80   .L,.............
0x000000b740bfed50:   00007ffa182c4ca0 00000000ffffffff   .L,.............
0x000000b740bfed60:   0000000000000000 00007ffa1818206a   ........j ......
0x000000b740bfed70:   000001f020b2b8b8 0000000000000000   ... ............
0x000000b740bfed80:   000000b740bfede9 000001f01e6e9250   ...@....P.n.....
0x000000b740bfed90:   000001f035e56040 000001f01e6b0000   @`.5......k.....
0x000000b740bfeda0:   000001f035e56040 00007ffa8c0b9fc9   @`.5............
0x000000b740bfedb0:   000001f020b2b8b8 00007ffa182c4ca0   ... .....L,.....
0x000000b740bfedc0:   00007ffa1826f0d8 00007ffa1826f0c8   ..&.......&.....
0x000000b740bfedd0:   0000000000000000 000001f020b2b8b8   ........... ....
0x000000b740bfede0:   000001f07c83b460 000001f07c83b7a0   `..|.......|....
0x000000b740bfedf0:   000001f07c83b7a0 00007ffa182c4ca0   ...|.....L,.....
0x000000b740bfee00:   000001f020b42ca8 000000b740bfef78   .,. ....x..@....
0x000000b740bfee10:   000000b740bff0b0 0000000000008840   ...@....@.......
0x000000b740bfee20:   00007ffa182b7080 00007ffa182c4cf0   .p+......L,.....
0x000000b740bfee30:   0000000000989680 0000000000989680   ................
0x000000b740bfee40:   000000b740bfef50 00007ffa1817cc21   P..@....!.......
0x000000b740bfee50:   00007ffa182c4ca0 00007ffa182c4cf8   .L,......L,.....
0x000000b740bfee60:   00007ffa00000000 003ee34300000001   ............C.>.

Instructions: (pc=0x00007ffa181826c4)
  0x00007ffa181825c4:   cc cc cc cc cc cc cc cc cc cc cc cc cc cc cc cc
  0x00007ffa181825d4:   cc cc cc cc cc cc cc cc cc cc cc cc cc cc cc cc
  0x00007ffa181825e4:   cc cc cc cc cc cc cc cc cc cc cc cc cc cc cc cc
  0x00007ffa181825f4:   cc cc cc cc cc cc cc cc cc cc cc cc cc cc cc cc
  0x00007ffa18182604:   cc cc cc cc cc cc cc cc cc cc cc cc cc cc cc cc
  0x00007ffa18182614:   cc cc cc cc cc cc cc cc cc cc cc cc cc cc cc cc
  0x00007ffa18182624:   cc cc cc cc cc cc cc cc cc cc cc cc cc cc cc cc
  0x00007ffa18182634:   cc cc cc cc cc cc cc cc cc cc cc cc cc cc cc cc
  0x00007ffa18182644:   cc cc cc cc cc cc cc cc cc cc cc cc 40 57 48 83
  0x00007ffa18182654:   ec 20 48 8b f9 48 8b 0d 10 28 14 00 48 85 c9 74
  0x00007ffa18182664:   20 48 8b 01 48 8d 54 24 38 41 b8 06 00 01 00 4c
  0x00007ffa18182674:   8b 48 30 41 ff d1 85 c0 75 07 48 8b 4c 24 38 eb
  0x00007ffa18182684:   02 33 c9 4c 8b 05 ea 28 14 00 48 89 5c 24 30 4d
  0x00007ffa18182694:   85 c0 74 4a 48 8b 01 48 8b d7 4c 8b 88 28 03 00
  0x00007ffa181826a4:   00 41 ff d1 48 85 c0 74 35 48 63 0d f8 e6 13 00
  0x00007ffa181826b4:   48 8b 14 01 48 85 d2 74 15 48 63 05 fc e6 13 00
=>0x00007ffa181826c4:   8b 04 10 48 8b 5c 24 30 48 83 c4 20 5f c3 b8 ff
  0x00007ffa181826d4:   ff ff ff 48 8b 5c 24 30 48 83 c4 20 5f c3 80 3d
  0x00007ffa181826e4:   9b 27 14 00 00 bb ff ff ff ff 74 20 4c 8b 0d 31
  0x00007ffa181826f4:   24 14 00 4c 8d 44 24 38 48 8b 0d 15 24 14 00 48
  0x00007ffa18182704:   8b d7 41 ff d1 85 c0 0f 44 5c 24 38 8b c3 48 8b
  0x00007ffa18182714:   5c 24 30 48 83 c4 20 5f c3 cc cc cc cc cc cc cc
  0x00007ffa18182724:   cc cc cc cc cc cc cc cc cc cc cc cc cc cc cc cc
  0x00007ffa18182734:   cc cc cc cc cc cc cc cc cc cc cc cc cc cc cc cc
  0x00007ffa18182744:   cc cc cc cc cc cc cc cc cc cc cc cc 48 89 54 24
  0x00007ffa18182754:   10 53 55 56 57 41 56 41 57 48 83 ec 28 48 8b f2
  0x00007ffa18182764:   4c 8b f1 48 89 4c 24 78 45 33 ff 44 89 7c 24 68
  0x00007ffa18182774:   c7 44 24 60 01 00 00 00 48 8d 4c 24 68 e8 ed 42
  0x00007ffa18182784:   f7 ff 8b d8 48 8d 4c 24 60 e8 e1 42 f7 ff 8b e8
  0x00007ffa18182794:   49 8b ce e8 00 fc f6 ff 48 8b f8 90 8b c3 f0 0f
  0x00007ffa181827a4:   b1 2f 74 04 f3 90 eb f4 4c 89 3e 4c 89 7e 08 4c
  0x00007ffa181827b4:   89 7e 10 49 8b 6e 08 4d 8b 76 10 49 3b ee 0f 84


Stack slot to memory mapping:

stack at sp + 0 slots: 0x000000b740bfede0 is pointing into the stack for thread: 0x000001f020b2b4f0
stack at sp + 1 slots: 0x000001f07b13ae28 points into unknown readable memory: 0x0000000714001ed8 | d8 1e 00 14 07 00 00 00
stack at sp + 2 slots: 0x0 is null
stack at sp + 3 slots: 0x000001f0206b1950 points into unknown readable memory: 0x6e616c2e6176616a | 6a 61 76 61 2e 6c 61 6e
stack at sp + 4 slots: 0x000000000000001a is an unknown value
stack at sp + 5 slots: 0x00007ffa18182b9b libasyncProfiler.dll
stack at sp + 6 slots: 0x0 is null
stack at sp + 7 slots: 0x000001f020b2b8b8 points into unknown readable memory: 0x00007ffa102b17b0 | b0 17 2b 10 fa 7f 00 00

Lock stack of current Java thread (top to bottom):


---------------  P R O C E S S  ---------------

Threads class SMR info:
_java_thread_list=0x000001f07c7df910, length=15, elements={
0x000001f020b2b4f0, 0x000001f020841a90, 0x000001f0208423d0, 0x000001f020846660,
0x000001f02084b970, 0x000001f02084d010, 0x000001f02084e6b0, 0x000001f035a6ba10,
0x000001f035ac8f30, 0x000001f035ac70f0, 0x000001f035ac9e50, 0x000001f035c24490,
0x000001f035d3cf50, 0x000001f07b25b9f0, 0x000001f07c813460
}

Java Threads: ( => current thread )
=>0x000001f020b2b4f0 JavaThread "main"                              [_thread_in_native, id=18952, stack(0x000000b740b00000,0x000000b740c00000) (1024K)]
  0x000001f020841a90 JavaThread "Reference Handler"          daemon [_thread_blocked, id=18460, stack(0x000000b741300000,0x000000b741400000) (1024K)]
  0x000001f0208423d0 JavaThread "Finalizer"                  daemon [_thread_blocked, id=18144, stack(0x000000b741400000,0x000000b741500000) (1024K)]
  0x000001f020846660 JavaThread "Signal Dispatcher"          daemon [_thread_blocked, id=6952, stack(0x000000b741500000,0x000000b741600000) (1024K)]
  0x000001f02084b970 JavaThread "Attach Listener"            daemon [_thread_in_Java, id=14468, stack(0x000000b741600000,0x000000b741700000) (1024K)]
  0x000001f02084d010 JavaThread "Service Thread"             daemon [_thread_blocked, id=19436, stack(0x000000b741700000,0x000000b741800000) (1024K)]
  0x000001f02084e6b0 JavaThread "Monitor Deflation Thread"   daemon [_thread_blocked, id=1072, stack(0x000000b741800000,0x000000b741900000) (1024K)]
  0x000001f035a6ba10 JavaThread "C1 CompilerThread0"         daemon [_thread_blocked, id=19840, stack(0x000000b741900000,0x000000b741a00000) (1024K)]
  0x000001f035ac8f30 JavaThread "C1 CompilerThread1"         daemon [_thread_blocked, id=12260, stack(0x000000b741a00000,0x000000b741b00000) (1024K)]
  0x000001f035ac70f0 JavaThread "C1 CompilerThread2"         daemon [_thread_blocked, id=20204, stack(0x000000b741b00000,0x000000b741c00000) (1024K)]
  0x000001f035ac9e50 JavaThread "C1 CompilerThread3"         daemon [_thread_blocked, id=15100, stack(0x000000b741c00000,0x000000b741d00000) (1024K)]
  0x000001f035c24490 JavaThread "Common-Cleaner"             daemon [_thread_blocked, id=11232, stack(0x000000b741d00000,0x000000b741e00000) (1024K)]
  0x000001f035d3cf50 JavaThread "Monitor Ctrl-Break"         daemon [_thread_in_native, id=19476, stack(0x000000b741e00000,0x000000b741f00000) (1024K)]
  0x000001f07b25b9f0 JavaThread "JFR Recorder Thread"        daemon [_thread_in_native, id=20012, stack(0x000000b741f00000,0x000000b742000000) (1024K)]
  0x000001f07c813460 JavaThread "JFR Periodic Tasks"         daemon [_thread_blocked, id=16100, stack(0x000000b742000000,0x000000b742100000) (1024K)]
Total: 15

Other Threads:
  0x000001f02082f7b0 VMThread "VM Thread"                           [id=17808, stack(0x000000b741200000,0x000000b741300000) (1024K)]
  0x000001f020809480 WatcherThread "VM Periodic Task Thread"        [id=16308, stack(0x000000b741100000,0x000000b741200000) (1024K)]
  0x000001f02071bf30 WorkerThread "GC Thread#0"                     [id=19156, stack(0x000000b740c00000,0x000000b740d00000) (1024K)]
  0x000001f020731a10 ConcurrentGCThread "G1 Main Marker"            [id=16012, stack(0x000000b740d00000,0x000000b740e00000) (1024K)]
  0x000001f020733440 WorkerThread "G1 Conc#0"                       [id=13116, stack(0x000000b740e00000,0x000000b740f00000) (1024K)]
  0x000001f0207f4be0 ConcurrentGCThread "G1 Refine#0"               [id=16304, stack(0x000000b740f00000,0x000000b741000000) (1024K)]
  0x000001f0207f7680 ConcurrentGCThread "G1 Service"                [id=524, stack(0x000000b741000000,0x000000b741100000) (1024K)]
Total: 7

Threads with active compile tasks:
Total: 0

VM state: not at safepoint (normal execution)

VM Mutex/Monitor currently owned by a thread: None

Heap address: 0x0000000704600000, size: 4026 MB, Compressed Oops mode: Zero based, Oop shift amount: 3

CDS archive(s) mapped at: [0x000001f036000000-0x000001f036d40000-0x000001f036d40000), size 13893632, SharedBaseAddress: 0x000001f036000000, ArchiveRelocationMode: 1.
Compressed class space mapped at: 0x000001f037000000-0x000001f077000000, reserved size: 1073741824
UseCompressedClassPointers 1, UseCompactObjectHeaders 0
Narrow klass pointer bits 32, Max shift 3
Narrow klass base: 0x000001f036000000, Narrow klass shift: 0
Encoding Range: [0x000001f036000000 - 0x000001f136000000), (4294967296 bytes)
Klass Range:    [0x000001f036000000 - 0x000001f077000000), (1090519040 bytes)
Klass ID Range:  [8 - 1090519033) (1090519025)

GC Precious Log:
 CardTable entry size: 512
 Card Set container configuration: InlinePtr #cards 4 size 8 Array Of Cards #cards 16 size 48 Howl #buckets 8 coarsen threshold 3686 Howl Bitmap #cards 512 size 80 coarsen threshold 460 Card regions per heap region 1 cards per card region 4096
 CPUs: 20 total, 20 available
 Memory: 16099M
 Large Page Support: Disabled
 NUMA Support: Disabled
 Compressed Oops: Enabled (Zero based)
 Heap Region Size: 2M
 Heap Min Capacity: 8M
 Heap Initial Capacity: 252M
 Heap Max Capacity: 4026M
 Pre-touch: Disabled
 Parallel Workers: 15
 Concurrent Workers: 4
 Concurrent Refinement Workers: 15
 Periodic GC: Disabled

Heap:
 garbage-first heap   total reserved 4122624K, committed 260096K, used 23664K [0x0000000704600000, 0x0000000800000000)
  region size 2048K, 13 young (26624K), 0 survivors (0K)
 Metaspace       used 4329K, committed 4480K, reserved 1114112K
  class space    used 448K, committed 512K, reserved 1048576K

Heap Regions: E=young(eden), S=young(survivor), O=old, HS=humongous(starts), HC=humongous(continues), CS=collection set, F=free, TAMS=top-at-mark-start, PB=parsable bottom
|   0|0x0000000704600000, 0x0000000704600000, 0x0000000704800000|  0%| F|  |TAMS 0x0000000704600000| PB 0x0000000704600000| Untracked |  0
|   1|0x0000000704800000, 0x0000000704800000, 0x0000000704a00000|  0%| F|  |TAMS 0x0000000704800000| PB 0x0000000704800000| Untracked |  0
|   2|0x0000000704a00000, 0x0000000704a00000, 0x0000000704c00000|  0%| F|  |TAMS 0x0000000704a00000| PB 0x0000000704a00000| Untracked |  0
|   3|0x0000000704c00000, 0x0000000704c00000, 0x0000000704e00000|  0%| F|  |TAMS 0x0000000704c00000| PB 0x0000000704c00000| Untracked |  0
|   4|0x0000000704e00000, 0x0000000704e00000, 0x0000000705000000|  0%| F|  |TAMS 0x0000000704e00000| PB 0x0000000704e00000| Untracked |  0
|   5|0x0000000705000000, 0x0000000705000000, 0x0000000705200000|  0%| F|  |TAMS 0x0000000705000000| PB 0x0000000705000000| Untracked |  0
|   6|0x0000000705200000, 0x0000000705200000, 0x0000000705400000|  0%| F|  |TAMS 0x0000000705200000| PB 0x0000000705200000| Untracked |  0
|   7|0x0000000705400000, 0x0000000705400000, 0x0000000705600000|  0%| F|  |TAMS 0x0000000705400000| PB 0x0000000705400000| Untracked |  0
|   8|0x0000000705600000, 0x0000000705600000, 0x0000000705800000|  0%| F|  |TAMS 0x0000000705600000| PB 0x0000000705600000| Untracked |  0
|   9|0x0000000705800000, 0x0000000705800000, 0x0000000705a00000|  0%| F|  |TAMS 0x0000000705800000| PB 0x0000000705800000| Untracked |  0
|  10|0x0000000705a00000, 0x0000000705a00000, 0x0000000705c00000|  0%| F|  |TAMS 0x0000000705a00000| PB 0x0000000705a00000| Untracked |  0
|  11|0x0000000705c00000, 0x0000000705c00000, 0x0000000705e00000|  0%| F|  |TAMS 0x0000000705c00000| PB 0x0000000705c00000| Untracked |  0
|  12|0x0000000705e00000, 0x0000000705e00000, 0x0000000706000000|  0%| F|  |TAMS 0x0000000705e00000| PB 0x0000000705e00000| Untracked |  0
|  13|0x0000000706000000, 0x0000000706000000, 0x0000000706200000|  0%| F|  |TAMS 0x0000000706000000| PB 0x0000000706000000| Untracked |  0
|  14|0x0000000706200000, 0x0000000706200000, 0x0000000706400000|  0%| F|  |TAMS 0x0000000706200000| PB 0x0000000706200000| Untracked |  0
|  15|0x0000000706400000, 0x0000000706400000, 0x0000000706600000|  0%| F|  |TAMS 0x0000000706400000| PB 0x0000000706400000| Untracked |  0
|  16|0x0000000706600000, 0x0000000706600000, 0x0000000706800000|  0%| F|  |TAMS 0x0000000706600000| PB 0x0000000706600000| Untracked |  0
|  17|0x0000000706800000, 0x0000000706800000, 0x0000000706a00000|  0%| F|  |TAMS 0x0000000706800000| PB 0x0000000706800000| Untracked |  0
|  18|0x0000000706a00000, 0x0000000706a00000, 0x0000000706c00000|  0%| F|  |TAMS 0x0000000706a00000| PB 0x0000000706a00000| Untracked |  0
|  19|0x0000000706c00000, 0x0000000706c00000, 0x0000000706e00000|  0%| F|  |TAMS 0x0000000706c00000| PB 0x0000000706c00000| Untracked |  0
|  20|0x0000000706e00000, 0x0000000706e00000, 0x0000000707000000|  0%| F|  |TAMS 0x0000000706e00000| PB 0x0000000706e00000| Untracked |  0
|  21|0x0000000707000000, 0x0000000707000000, 0x0000000707200000|  0%| F|  |TAMS 0x0000000707000000| PB 0x0000000707000000| Untracked |  0
|  22|0x0000000707200000, 0x0000000707200000, 0x0000000707400000|  0%| F|  |TAMS 0x0000000707200000| PB 0x0000000707200000| Untracked |  0
|  23|0x0000000707400000, 0x0000000707400000, 0x0000000707600000|  0%| F|  |TAMS 0x0000000707400000| PB 0x0000000707400000| Untracked |  0
|  24|0x0000000707600000, 0x0000000707600000, 0x0000000707800000|  0%| F|  |TAMS 0x0000000707600000| PB 0x0000000707600000| Untracked |  0
|  25|0x0000000707800000, 0x0000000707800000, 0x0000000707a00000|  0%| F|  |TAMS 0x0000000707800000| PB 0x0000000707800000| Untracked |  0
|  26|0x0000000707a00000, 0x0000000707a00000, 0x0000000707c00000|  0%| F|  |TAMS 0x0000000707a00000| PB 0x0000000707a00000| Untracked |  0
|  27|0x0000000707c00000, 0x0000000707c00000, 0x0000000707e00000|  0%| F|  |TAMS 0x0000000707c00000| PB 0x0000000707c00000| Untracked |  0
|  28|0x0000000707e00000, 0x0000000707e00000, 0x0000000708000000|  0%| F|  |TAMS 0x0000000707e00000| PB 0x0000000707e00000| Untracked |  0
|  29|0x0000000708000000, 0x0000000708000000, 0x0000000708200000|  0%| F|  |TAMS 0x0000000708000000| PB 0x0000000708000000| Untracked |  0
|  30|0x0000000708200000, 0x0000000708200000, 0x0000000708400000|  0%| F|  |TAMS 0x0000000708200000| PB 0x0000000708200000| Untracked |  0
|  31|0x0000000708400000, 0x0000000708400000, 0x0000000708600000|  0%| F|  |TAMS 0x0000000708400000| PB 0x0000000708400000| Untracked |  0
|  32|0x0000000708600000, 0x0000000708600000, 0x0000000708800000|  0%| F|  |TAMS 0x0000000708600000| PB 0x0000000708600000| Untracked |  0
|  33|0x0000000708800000, 0x0000000708800000, 0x0000000708a00000|  0%| F|  |TAMS 0x0000000708800000| PB 0x0000000708800000| Untracked |  0
|  34|0x0000000708a00000, 0x0000000708a00000, 0x0000000708c00000|  0%| F|  |TAMS 0x0000000708a00000| PB 0x0000000708a00000| Untracked |  0
|  35|0x0000000708c00000, 0x0000000708c00000, 0x0000000708e00000|  0%| F|  |TAMS 0x0000000708c00000| PB 0x0000000708c00000| Untracked |  0
|  36|0x0000000708e00000, 0x0000000708e00000, 0x0000000709000000|  0%| F|  |TAMS 0x0000000708e00000| PB 0x0000000708e00000| Untracked |  0
|  37|0x0000000709000000, 0x0000000709000000, 0x0000000709200000|  0%| F|  |TAMS 0x0000000709000000| PB 0x0000000709000000| Untracked |  0
|  38|0x0000000709200000, 0x0000000709200000, 0x0000000709400000|  0%| F|  |TAMS 0x0000000709200000| PB 0x0000000709200000| Untracked |  0
|  39|0x0000000709400000, 0x0000000709400000, 0x0000000709600000|  0%| F|  |TAMS 0x0000000709400000| PB 0x0000000709400000| Untracked |  0
|  40|0x0000000709600000, 0x0000000709600000, 0x0000000709800000|  0%| F|  |TAMS 0x0000000709600000| PB 0x0000000709600000| Untracked |  0
|  41|0x0000000709800000, 0x0000000709800000, 0x0000000709a00000|  0%| F|  |TAMS 0x0000000709800000| PB 0x0000000709800000| Untracked |  0
|  42|0x0000000709a00000, 0x0000000709a00000, 0x0000000709c00000|  0%| F|  |TAMS 0x0000000709a00000| PB 0x0000000709a00000| Untracked |  0
|  43|0x0000000709c00000, 0x0000000709c00000, 0x0000000709e00000|  0%| F|  |TAMS 0x0000000709c00000| PB 0x0000000709c00000| Untracked |  0
|  44|0x0000000709e00000, 0x0000000709e00000, 0x000000070a000000|  0%| F|  |TAMS 0x0000000709e00000| PB 0x0000000709e00000| Untracked |  0
|  45|0x000000070a000000, 0x000000070a000000, 0x000000070a200000|  0%| F|  |TAMS 0x000000070a000000| PB 0x000000070a000000| Untracked |  0
|  46|0x000000070a200000, 0x000000070a200000, 0x000000070a400000|  0%| F|  |TAMS 0x000000070a200000| PB 0x000000070a200000| Untracked |  0
|  47|0x000000070a400000, 0x000000070a400000, 0x000000070a600000|  0%| F|  |TAMS 0x000000070a400000| PB 0x000000070a400000| Untracked |  0
|  48|0x000000070a600000, 0x000000070a600000, 0x000000070a800000|  0%| F|  |TAMS 0x000000070a600000| PB 0x000000070a600000| Untracked |  0
|  49|0x000000070a800000, 0x000000070a800000, 0x000000070aa00000|  0%| F|  |TAMS 0x000000070a800000| PB 0x000000070a800000| Untracked |  0
|  50|0x000000070aa00000, 0x000000070aa00000, 0x000000070ac00000|  0%| F|  |TAMS 0x000000070aa00000| PB 0x000000070aa00000| Untracked |  0
|  51|0x000000070ac00000, 0x000000070ac00000, 0x000000070ae00000|  0%| F|  |TAMS 0x000000070ac00000| PB 0x000000070ac00000| Untracked |  0
|  52|0x000000070ae00000, 0x000000070ae00000, 0x000000070b000000|  0%| F|  |TAMS 0x000000070ae00000| PB 0x000000070ae00000| Untracked |  0
|  53|0x000000070b000000, 0x000000070b000000, 0x000000070b200000|  0%| F|  |TAMS 0x000000070b000000| PB 0x000000070b000000| Untracked |  0
|  54|0x000000070b200000, 0x000000070b200000, 0x000000070b400000|  0%| F|  |TAMS 0x000000070b200000| PB 0x000000070b200000| Untracked |  0
|  55|0x000000070b400000, 0x000000070b400000, 0x000000070b600000|  0%| F|  |TAMS 0x000000070b400000| PB 0x000000070b400000| Untracked |  0
|  56|0x000000070b600000, 0x000000070b600000, 0x000000070b800000|  0%| F|  |TAMS 0x000000070b600000| PB 0x000000070b600000| Untracked |  0
|  57|0x000000070b800000, 0x000000070b800000, 0x000000070ba00000|  0%| F|  |TAMS 0x000000070b800000| PB 0x000000070b800000| Untracked |  0
|  58|0x000000070ba00000, 0x000000070ba00000, 0x000000070bc00000|  0%| F|  |TAMS 0x000000070ba00000| PB 0x000000070ba00000| Untracked |  0
|  59|0x000000070bc00000, 0x000000070bc00000, 0x000000070be00000|  0%| F|  |TAMS 0x000000070bc00000| PB 0x000000070bc00000| Untracked |  0
|  60|0x000000070be00000, 0x000000070be00000, 0x000000070c000000|  0%| F|  |TAMS 0x000000070be00000| PB 0x000000070be00000| Untracked |  0
|  61|0x000000070c000000, 0x000000070c000000, 0x000000070c200000|  0%| F|  |TAMS 0x000000070c000000| PB 0x000000070c000000| Untracked |  0
|  62|0x000000070c200000, 0x000000070c200000, 0x000000070c400000|  0%| F|  |TAMS 0x000000070c200000| PB 0x000000070c200000| Untracked |  0
|  63|0x000000070c400000, 0x000000070c400000, 0x000000070c600000|  0%| F|  |TAMS 0x000000070c400000| PB 0x000000070c400000| Untracked |  0
|  64|0x000000070c600000, 0x000000070c600000, 0x000000070c800000|  0%| F|  |TAMS 0x000000070c600000| PB 0x000000070c600000| Untracked |  0
|  65|0x000000070c800000, 0x000000070c800000, 0x000000070ca00000|  0%| F|  |TAMS 0x000000070c800000| PB 0x000000070c800000| Untracked |  0
|  66|0x000000070ca00000, 0x000000070ca00000, 0x000000070cc00000|  0%| F|  |TAMS 0x000000070ca00000| PB 0x000000070ca00000| Untracked |  0
|  67|0x000000070cc00000, 0x000000070cc00000, 0x000000070ce00000|  0%| F|  |TAMS 0x000000070cc00000| PB 0x000000070cc00000| Untracked |  0
|  68|0x000000070ce00000, 0x000000070ce00000, 0x000000070d000000|  0%| F|  |TAMS 0x000000070ce00000| PB 0x000000070ce00000| Untracked |  0
|  69|0x000000070d000000, 0x000000070d000000, 0x000000070d200000|  0%| F|  |TAMS 0x000000070d000000| PB 0x000000070d000000| Untracked |  0
|  70|0x000000070d200000, 0x000000070d200000, 0x000000070d400000|  0%| F|  |TAMS 0x000000070d200000| PB 0x000000070d200000| Untracked |  0
|  71|0x000000070d400000, 0x000000070d400000, 0x000000070d600000|  0%| F|  |TAMS 0x000000070d400000| PB 0x000000070d400000| Untracked |  0
|  72|0x000000070d600000, 0x000000070d600000, 0x000000070d800000|  0%| F|  |TAMS 0x000000070d600000| PB 0x000000070d600000| Untracked |  0
|  73|0x000000070d800000, 0x000000070d800000, 0x000000070da00000|  0%| F|  |TAMS 0x000000070d800000| PB 0x000000070d800000| Untracked |  0
|  74|0x000000070da00000, 0x000000070da00000, 0x000000070dc00000|  0%| F|  |TAMS 0x000000070da00000| PB 0x000000070da00000| Untracked |  0
|  75|0x000000070dc00000, 0x000000070dc00000, 0x000000070de00000|  0%| F|  |TAMS 0x000000070dc00000| PB 0x000000070dc00000| Untracked |  0
|  76|0x000000070de00000, 0x000000070de00000, 0x000000070e000000|  0%| F|  |TAMS 0x000000070de00000| PB 0x000000070de00000| Untracked |  0
|  77|0x000000070e000000, 0x000000070e000000, 0x000000070e200000|  0%| F|  |TAMS 0x000000070e000000| PB 0x000000070e000000| Untracked |  0
|  78|0x000000070e200000, 0x000000070e200000, 0x000000070e400000|  0%| F|  |TAMS 0x000000070e200000| PB 0x000000070e200000| Untracked |  0
|  79|0x000000070e400000, 0x000000070e400000, 0x000000070e600000|  0%| F|  |TAMS 0x000000070e400000| PB 0x000000070e400000| Untracked |  0
|  80|0x000000070e600000, 0x000000070e600000, 0x000000070e800000|  0%| F|  |TAMS 0x000000070e600000| PB 0x000000070e600000| Untracked |  0
|  81|0x000000070e800000, 0x000000070e800000, 0x000000070ea00000|  0%| F|  |TAMS 0x000000070e800000| PB 0x000000070e800000| Untracked |  0
|  82|0x000000070ea00000, 0x000000070ea00000, 0x000000070ec00000|  0%| F|  |TAMS 0x000000070ea00000| PB 0x000000070ea00000| Untracked |  0
|  83|0x000000070ec00000, 0x000000070ec00000, 0x000000070ee00000|  0%| F|  |TAMS 0x000000070ec00000| PB 0x000000070ec00000| Untracked |  0
|  84|0x000000070ee00000, 0x000000070ee00000, 0x000000070f000000|  0%| F|  |TAMS 0x000000070ee00000| PB 0x000000070ee00000| Untracked |  0
|  85|0x000000070f000000, 0x000000070f000000, 0x000000070f200000|  0%| F|  |TAMS 0x000000070f000000| PB 0x000000070f000000| Untracked |  0
|  86|0x000000070f200000, 0x000000070f200000, 0x000000070f400000|  0%| F|  |TAMS 0x000000070f200000| PB 0x000000070f200000| Untracked |  0
|  87|0x000000070f400000, 0x000000070f400000, 0x000000070f600000|  0%| F|  |TAMS 0x000000070f400000| PB 0x000000070f400000| Untracked |  0
|  88|0x000000070f600000, 0x000000070f600000, 0x000000070f800000|  0%| F|  |TAMS 0x000000070f600000| PB 0x000000070f600000| Untracked |  0
|  89|0x000000070f800000, 0x000000070f800000, 0x000000070fa00000|  0%| F|  |TAMS 0x000000070f800000| PB 0x000000070f800000| Untracked |  0
|  90|0x000000070fa00000, 0x000000070fa00000, 0x000000070fc00000|  0%| F|  |TAMS 0x000000070fa00000| PB 0x000000070fa00000| Untracked |  0
|  91|0x000000070fc00000, 0x000000070fc00000, 0x000000070fe00000|  0%| F|  |TAMS 0x000000070fc00000| PB 0x000000070fc00000| Untracked |  0
|  92|0x000000070fe00000, 0x000000070fe00000, 0x0000000710000000|  0%| F|  |TAMS 0x000000070fe00000| PB 0x000000070fe00000| Untracked |  0
|  93|0x0000000710000000, 0x0000000710000000, 0x0000000710200000|  0%| F|  |TAMS 0x0000000710000000| PB 0x0000000710000000| Untracked |  0
|  94|0x0000000710200000, 0x0000000710200000, 0x0000000710400000|  0%| F|  |TAMS 0x0000000710200000| PB 0x0000000710200000| Untracked |  0
|  95|0x0000000710400000, 0x0000000710400000, 0x0000000710600000|  0%| F|  |TAMS 0x0000000710400000| PB 0x0000000710400000| Untracked |  0
|  96|0x0000000710600000, 0x0000000710600000, 0x0000000710800000|  0%| F|  |TAMS 0x0000000710600000| PB 0x0000000710600000| Untracked |  0
|  97|0x0000000710800000, 0x0000000710800000, 0x0000000710a00000|  0%| F|  |TAMS 0x0000000710800000| PB 0x0000000710800000| Untracked |  0
|  98|0x0000000710a00000, 0x0000000710a00000, 0x0000000710c00000|  0%| F|  |TAMS 0x0000000710a00000| PB 0x0000000710a00000| Untracked |  0
|  99|0x0000000710c00000, 0x0000000710c00000, 0x0000000710e00000|  0%| F|  |TAMS 0x0000000710c00000| PB 0x0000000710c00000| Untracked |  0
| 100|0x0000000710e00000, 0x0000000710e00000, 0x0000000711000000|  0%| F|  |TAMS 0x0000000710e00000| PB 0x0000000710e00000| Untracked |  0
| 101|0x0000000711000000, 0x0000000711000000, 0x0000000711200000|  0%| F|  |TAMS 0x0000000711000000| PB 0x0000000711000000| Untracked |  0
| 102|0x0000000711200000, 0x0000000711200000, 0x0000000711400000|  0%| F|  |TAMS 0x0000000711200000| PB 0x0000000711200000| Untracked |  0
| 103|0x0000000711400000, 0x0000000711400000, 0x0000000711600000|  0%| F|  |TAMS 0x0000000711400000| PB 0x0000000711400000| Untracked |  0
| 104|0x0000000711600000, 0x0000000711600000, 0x0000000711800000|  0%| F|  |TAMS 0x0000000711600000| PB 0x0000000711600000| Untracked |  0
| 105|0x0000000711800000, 0x0000000711800000, 0x0000000711a00000|  0%| F|  |TAMS 0x0000000711800000| PB 0x0000000711800000| Untracked |  0
| 106|0x0000000711a00000, 0x0000000711a00000, 0x0000000711c00000|  0%| F|  |TAMS 0x0000000711a00000| PB 0x0000000711a00000| Untracked |  0
| 107|0x0000000711c00000, 0x0000000711c00000, 0x0000000711e00000|  0%| F|  |TAMS 0x0000000711c00000| PB 0x0000000711c00000| Untracked |  0
| 108|0x0000000711e00000, 0x0000000711e00000, 0x0000000712000000|  0%| F|  |TAMS 0x0000000711e00000| PB 0x0000000711e00000| Untracked |  0
| 109|0x0000000712000000, 0x0000000712000000, 0x0000000712200000|  0%| F|  |TAMS 0x0000000712000000| PB 0x0000000712000000| Untracked |  0
| 110|0x0000000712200000, 0x0000000712200000, 0x0000000712400000|  0%| F|  |TAMS 0x0000000712200000| PB 0x0000000712200000| Untracked |  0
| 111|0x0000000712400000, 0x0000000712400000, 0x0000000712600000|  0%| F|  |TAMS 0x0000000712400000| PB 0x0000000712400000| Untracked |  0
| 112|0x0000000712600000, 0x0000000712600000, 0x0000000712800000|  0%| F|  |TAMS 0x0000000712600000| PB 0x0000000712600000| Untracked |  0
| 113|0x0000000712800000, 0x00000007129eb880, 0x0000000712a00000| 96%| E|  |TAMS 0x0000000712800000| PB 0x0000000712800000| Complete |  0
| 114|0x0000000712a00000, 0x0000000712c00000, 0x0000000712c00000|100%| E|CS|TAMS 0x0000000712a00000| PB 0x0000000712a00000| Complete |  0
| 115|0x0000000712c00000, 0x0000000712e00000, 0x0000000712e00000|100%| E|CS|TAMS 0x0000000712c00000| PB 0x0000000712c00000| Complete |  0
| 116|0x0000000712e00000, 0x0000000713000000, 0x0000000713000000|100%| E|CS|TAMS 0x0000000712e00000| PB 0x0000000712e00000| Complete |  0
| 117|0x0000000713000000, 0x0000000713200000, 0x0000000713200000|100%| E|CS|TAMS 0x0000000713000000| PB 0x0000000713000000| Complete |  0
| 118|0x0000000713200000, 0x0000000713400000, 0x0000000713400000|100%| E|CS|TAMS 0x0000000713200000| PB 0x0000000713200000| Complete |  0
| 119|0x0000000713400000, 0x0000000713600000, 0x0000000713600000|100%| E|CS|TAMS 0x0000000713400000| PB 0x0000000713400000| Complete |  0
| 120|0x0000000713600000, 0x0000000713800000, 0x0000000713800000|100%| E|CS|TAMS 0x0000000713600000| PB 0x0000000713600000| Complete |  0
| 121|0x0000000713800000, 0x0000000713a00000, 0x0000000713a00000|100%| E|  |TAMS 0x0000000713800000| PB 0x0000000713800000| Complete |  0
| 122|0x0000000713a00000, 0x0000000713c00000, 0x0000000713c00000|100%| E|CS|TAMS 0x0000000713a00000| PB 0x0000000713a00000| Complete |  0
| 123|0x0000000713c00000, 0x0000000713e00000, 0x0000000713e00000|100%| E|CS|TAMS 0x0000000713c00000| PB 0x0000000713c00000| Complete |  0
| 124|0x0000000713e00000, 0x0000000714000000, 0x0000000714000000|100%| E|CS|TAMS 0x0000000713e00000| PB 0x0000000713e00000| Complete |  0
| 125|0x0000000714000000, 0x0000000714200000, 0x0000000714200000|100%| E|CS|TAMS 0x0000000714000000| PB 0x0000000714000000| Complete |  0
|2012|0x00000007ffe00000, 0x00000007fff1c288, 0x0000000800000000| 55%| O|  |TAMS 0x00000007ffe00000| PB 0x00000007ffe00000| Untracked |  0

Card table byte_map: [0x000001f02e180000,0x000001f02e960000] _byte_map_base: 0x000001f02a95d000

Marking Bits: (CMBitMap*) 0x000001f02071c550
 Bits: [0x000001f02e960000, 0x000001f032848000)

Polling page: 0x000001f01e9b0000

Metaspace:

Usage:
  Non-class:      3.80 MB used.
      Class:    450.84 KB used.
       Both:      4.24 MB used.

Virtual space:
  Non-class space:       64.00 MB reserved,       3.88 MB (  6%) committed,  1 nodes.
      Class space:        1.00 GB reserved,     512.00 KB ( <1%) committed,  1 nodes.
             Both:        1.06 GB reserved,       4.38 MB ( <1%) committed. 

Chunk freelists:
   Non-Class:  11.91 MB
       Class:  15.52 MB
        Both:  27.42 MB

MaxMetaspaceSize: unlimited
CompressedClassSpaceSize: 1.00 GB
Initial GC threshold: 21.00 MB
Current GC threshold: 21.00 MB
CDS: on
 - commit_granule_bytes: 65536.
 - commit_granule_words: 8192.
 - virtual_space_node_default_size: 8388608.
 - enlarge_chunks_in_place: 1.
UseCompressedClassPointers 1, UseCompactObjectHeaders 0
Narrow klass pointer bits 32, Max shift 3
Narrow klass base: 0x000001f036000000, Narrow klass shift: 0
Encoding Range: [0x000001f036000000 - 0x000001f136000000), (4294967296 bytes)
Klass Range:    [0x000001f036000000 - 0x000001f077000000), (1090519040 bytes)
Klass ID Range:  [8 - 1090519033) (1090519025)


Internal statistics:

num_allocs_failed_limit: 0.
num_arena_births: 84.
num_arena_deaths: 0.
num_vsnodes_births: 2.
num_vsnodes_deaths: 0.
num_space_committed: 70.
num_space_uncommitted: 0.
num_chunks_returned_to_freelist: 0.
num_chunks_taken_from_freelist: 91.
num_chunk_merges: 0.
num_chunk_splits: 64.
num_chunks_enlarged: 40.
num_inconsistent_stats: 0.

CodeCache: size=49152Kb used=4516Kb max_used=4516Kb free=44635Kb
 bounds [0x000001f029bc0000, 0x000001f02a030000, 0x000001f02cbc0000]
 total_blobs=1948, nmethods=1491, adapters=380, full_count=0
Compilation: enabled, stopped_count=0, restarted_count=0

Compilation events (20 events):
Event: 0.243 Thread 0x000001f035a6ba10 1337       1       jdk.jfr.internal.PlatformEventType::isEnabled (5 bytes)
Event: 0.243 Thread 0x000001f035ac70f0 nmethod 1335 0x000001f029ff7c88 code [0x000001f029ff7d80, 0x000001f029ff7e48]
Event: 0.243 Thread 0x000001f035ac9e50 nmethod 1336 0x000001f029ff7f88 code [0x000001f029ff8080, 0x000001f029ff8148]
Event: 0.243 Thread 0x000001f035ac8f30 1338   !   1       jdk.jfr.internal.Control::setValue (102 bytes)
Event: 0.243 Thread 0x000001f035ac70f0 1339       1       jdk.jfr.internal.SettingsManager$InternalSetting::getValues (35 bytes)
Event: 0.243 Thread 0x000001f035ac9e50 1340       1       jdk.jfr.internal.Control::apply (10 bytes)
Event: 0.243 Thread 0x000001f035a6ba10 nmethod 1337 0x000001f029ff8288 code [0x000001f029ff8380, 0x000001f029ff8448]
Event: 0.243 Thread 0x000001f035a6ba10 1341       1       jdk.jfr.internal.Control::findCombine (121 bytes)
Event: 0.244 Thread 0x000001f035ac9e50 nmethod 1340 0x000001f029ff8588 code [0x000001f029ff86a0, 0x000001f029ff87c0]
Event: 0.244 Thread 0x000001f035ac70f0 nmethod 1339 0x000001f029ff8888 code [0x000001f029ff89c0, 0x000001f029ff8be0]
Event: 0.244 Thread 0x000001f035a6ba10 nmethod 1341 0x000001f029ff8c08 code [0x000001f029ff8dc0, 0x000001f029ff9588]
Event: 0.244 Thread 0x000001f035ac8f30 nmethod 1338 0x000001f029ff9608 code [0x000001f029ff9800, 0x000001f029ff9ec8]
Event: 0.244 Thread 0x000001f035ac8f30 1342       1       jdk.jfr.internal.periodic.EventTask::getEventType (5 bytes)
Event: 0.244 Thread 0x000001f035ac8f30 nmethod 1342 0x000001f029ff9f88 code [0x000001f029ffa080, 0x000001f029ffa148]
Event: 0.245 Thread 0x000001f035ac8f30 1343       1       jdk.jfr.internal.periodic.PeriodicTask::getPeriod (5 bytes)
Event: 0.245 Thread 0x000001f035a6ba10 1344       1       java.util.Comparator$$Lambda/0x000001f037074ca0::compare (10 bytes)
Event: 0.245 Thread 0x000001f035ac70f0 1345       1       java.util.Comparator::lambda$comparingLong$6043328a$1 (18 bytes)
Event: 0.245 Thread 0x000001f035ac8f30 nmethod 1343 0x000001f029ffa288 code [0x000001f029ffa380, 0x000001f029ffa448]
Event: 0.245 Thread 0x000001f035a6ba10 nmethod 1344 0x000001f029ffa588 code [0x000001f029ffa6c0, 0x000001f029ffa8c0]
Event: 0.245 Thread 0x000001f035ac70f0 nmethod 1345 0x000001f029ffa908 code [0x000001f029ffaa40, 0x000001f029ffac00]

GC Heap History (0 events):
No events

Dll operation events (8 events):
Event: 0.018 Loaded shared library C:\Users\user\.jdks\openjdk-24.0.1\bin\java.dll
Event: 0.068 Loaded shared library C:\Users\user\.jdks\openjdk-24.0.1\bin\zip.dll
Event: 0.070 Loaded shared library C:\Users\user\.jdks\openjdk-24.0.1\bin\instrument.dll
Event: 0.072 Loaded shared library C:\Users\user\.jdks\openjdk-24.0.1\bin\net.dll
Event: 0.073 Loaded shared library C:\Users\user\.jdks\openjdk-24.0.1\bin\nio.dll
Event: 0.075 Loaded shared library C:\Users\user\.jdks\openjdk-24.0.1\bin\zip.dll
Event: 0.113 Loaded shared library C:\Users\user\.jdks\openjdk-24.0.1\bin\extnet.dll
Event: 0.144 Loaded shared library C:\Users\user\.jdks\openjdk-24.0.1\bin\jimage.dll

Deoptimization events (0 events):
No events

Classes loaded (20 events):
Event: 0.232 Loading class jdk/jfr/internal/MetadataWriter
Event: 0.232 Loading class jdk/jfr/internal/MetadataWriter done
Event: 0.232 Loading class jdk/jfr/internal/MetadataDescriptor$Element
Event: 0.232 Loading class jdk/jfr/internal/MetadataDescriptor$Element done
Event: 0.232 Loading class jdk/jfr/internal/MetadataDescriptor$Attribute
Event: 0.232 Loading class jdk/jfr/internal/MetadataDescriptor$Attribute done
Event: 0.236 Loading class jdk/jfr/internal/consumer/StringParser$Encoding
Event: 0.236 Loading class jdk/jfr/internal/consumer/StringParser$Encoding done
Event: 0.241 Loading class jdk/jfr/internal/consumer/RepositoryFiles
Event: 0.241 Loading class jdk/jfr/internal/consumer/RepositoryFiles done
Event: 0.242 Loading class jdk/jfr/internal/SettingsManager$InternalSetting
Event: 0.242 Loading class jdk/jfr/internal/SettingsManager$InternalSetting done
Event: 0.243 Loading class jdk/jfr/internal/util/Rate
Event: 0.243 Loading class jdk/jfr/internal/util/Rate done
Event: 0.243 Loading class jdk/jfr/internal/util/TimespanUnit
Event: 0.243 Loading class jdk/jfr/internal/util/TimespanUnit done
Event: 0.243 Loading class jdk/jfr/internal/util/ValueParser
Event: 0.243 Loading class jdk/jfr/internal/util/ValueParser done
Event: 0.244 Loading class jdk/jfr/internal/periodic/PeriodicType
Event: 0.244 Loading class jdk/jfr/internal/periodic/PeriodicType done

Classes unloaded (0 events):
No events

Classes redefined (0 events):
No events

Internal exceptions (19 events):
Event: 0.102 Thread 0x000001f020b2b4f0 Exception <a 'java/lang/NoSuchMethodError'{0x00000007138083e8}: 'void java.lang.invoke.DirectMethodHandle$Holder.invokeStatic(java.lang.Object, java.lang.Object, java.lang.Object)'> (0x00000007138083e8) 
thrown [s\open\src\hotspot\share\interpreter\linkResolver.cpp, line 805]
Event: 0.106 Thread 0x000001f020b2b4f0 Exception <a 'java/lang/NoSuchMethodError'{0x000000071383cfa8}: 'java.lang.Object java.lang.invoke.Invokers$Holder.invokeExact_MT(java.lang.Object, java.lang.Object, java.lang.Object, java.lang.Object, java.lang.Object)'> (0x000000071383cfa8) 
thrown [s\open\src\hotspot\share\interpreter\linkResolver.cpp, line 805]
Event: 0.111 Thread 0x000001f020b2b4f0 Exception <a 'java/lang/NoSuchMethodError'{0x000000071384e2d0}: 'java.lang.Object java.lang.invoke.DirectMethodHandle$Holder.invokeStaticInit(java.lang.Object, java.lang.Object, java.lang.Object)'> (0x000000071384e2d0) 
thrown [s\open\src\hotspot\share\interpreter\linkResolver.cpp, line 805]
Event: 0.112 Thread 0x000001f035d3cf50 Exception <a 'java/lang/NoSuchMethodError'{0x00000007138fb6e0}: 'java.lang.Object java.lang.invoke.DirectMethodHandle$Holder.invokeStaticInit(java.lang.Object)'> (0x00000007138fb6e0) 
thrown [s\open\src\hotspot\share\interpreter\linkResolver.cpp, line 805]
Event: 0.114 Thread 0x000001f035d3cf50 Exception <a 'java/lang/NoSuchMethodError'{0x0000000713906310}: 'void java.lang.invoke.DirectMethodHandle$Holder.invokeStatic(java.lang.Object, java.lang.Object)'> (0x0000000713906310) 
thrown [s\open\src\hotspot\share\interpreter\linkResolver.cpp, line 805]
Event: 0.148 Thread 0x000001f020b2b4f0 Exception <a 'java/lang/NoSuchMethodError'{0x00000007136fec18}: 'java.lang.Object java.lang.invoke.DirectMethodHandle$Holder.invokeStatic(java.lang.Object, int, java.lang.Object)'> (0x00000007136fec18) 
thrown [s\open\src\hotspot\share\interpreter\linkResolver.cpp, line 805]
Event: 0.156 Thread 0x000001f020b2b4f0 Exception <a 'java/lang/NoSuchMethodError'{0x000000071344e4b0}: 'void java.lang.invoke.DirectMethodHandle$Holder.invokeStaticInit(java.lang.Object)'> (0x000000071344e4b0) 
thrown [s\open\src\hotspot\share\interpreter\linkResolver.cpp, line 805]
Event: 0.163 Thread 0x000001f020b2b4f0 Exception <a 'java/lang/NoSuchMethodError'{0x00000007134bf568}: 'void java.lang.invoke.DirectMethodHandle$Holder.invokeSpecial(java.lang.Object, java.lang.Object, java.lang.Object)'> (0x00000007134bf568) 
thrown [s\open\src\hotspot\share\interpreter\linkResolver.cpp, line 805]
Event: 0.169 Thread 0x000001f020b2b4f0 Exception <a 'java/lang/NoSuchMethodError'{0x0000000713526e50}: 'java.lang.Object java.lang.invoke.DirectMethodHandle$Holder.newInvokeSpecial(java.lang.Object, java.lang.Object, java.lang.Object, java.lang.Object, java.lang.Object)'> (0x0000000713526e50) 
thrown [s\open\src\hotspot\share\interpreter\linkResolver.cpp, line 805]
Event: 0.187 Thread 0x000001f020b2b4f0 Exception <a 'java/lang/NoSuchMethodError'{0x00000007132bceb0}: 'long java.lang.invoke.DirectMethodHandle$Holder.invokeVirtual(java.lang.Object, java.lang.Object)'> (0x00000007132bceb0) 
thrown [s\open\src\hotspot\share\interpreter\linkResolver.cpp, line 805]
Event: 0.206 Thread 0x000001f020b2b4f0 Exception <a 'java/lang/NoSuchMethodError'{0x0000000713125b18}: 'int java.lang.invoke.DirectMethodHandle$Holder.invokeSpecial(java.lang.Object, java.lang.Object, java.lang.Object)'> (0x0000000713125b18) 
thrown [s\open\src\hotspot\share\interpreter\linkResolver.cpp, line 805]
Event: 0.224 Thread 0x000001f020b2b4f0 Exception <a 'java/lang/NoSuchMethodError'{0x0000000712ef7618}: 'void java.lang.invoke.DirectMethodHandle$Holder.invokeSpecial(java.lang.Object, java.lang.Object, int)'> (0x0000000712ef7618) 
thrown [s\open\src\hotspot\share\interpreter\linkResolver.cpp, line 805]
Event: 0.224 Thread 0x000001f020b2b4f0 Exception <a 'java/lang/NoSuchMethodError'{0x0000000712eff238}: 'void java.lang.invoke.Invokers$Holder.invokeExact_MT(java.lang.Object, int, java.lang.Object)'> (0x0000000712eff238) 
thrown [s\open\src\hotspot\share\interpreter\linkResolver.cpp, line 805]
Event: 0.225 Thread 0x000001f020b2b4f0 Exception <a 'java/lang/NoSuchMethodError'{0x0000000712f19ae8}: 'void java.lang.invoke.DirectMethodHandle$Holder.invokeStatic(java.lang.Object, java.lang.Object, int)'> (0x0000000712f19ae8) 
thrown [s\open\src\hotspot\share\interpreter\linkResolver.cpp, line 805]
Event: 0.225 Thread 0x000001f020b2b4f0 Exception <a 'java/lang/NoSuchMethodError'{0x0000000712f28bd8}: 'java.lang.Object java.lang.invoke.DirectMethodHandle$Holder.newInvokeSpecial(java.lang.Object, java.lang.Object, int)'> (0x0000000712f28bd8) 
thrown [s\open\src\hotspot\share\interpreter\linkResolver.cpp, line 805]
Event: 0.226 Thread 0x000001f07c813460 Exception <a 'java/lang/NoSuchMethodError'{0x0000000712fecbd8}: 'long java.lang.invoke.DirectMethodHandle$Holder.invokeSpecial(java.lang.Object, java.lang.Object)'> (0x0000000712fecbd8) 
thrown [s\open\src\hotspot\share\interpreter\linkResolver.cpp, line 805]
Event: 0.227 Thread 0x000001f020b2b4f0 Exception <a 'sun/nio/fs/WindowsException'{0x0000000712f5dce8}> (0x0000000712f5dce8) 
thrown [s\open\src\hotspot\share\prims\jni.cpp, line 518]
Event: 0.229 Thread 0x000001f020b2b4f0 Exception <a 'sun/nio/fs/WindowsException'{0x0000000712f6aba0}> (0x0000000712f6aba0) 
thrown [s\open\src\hotspot\share\prims\jni.cpp, line 518]
Event: 0.231 Thread 0x000001f020b2b4f0 Exception <a 'sun/nio/fs/WindowsException'{0x0000000712f7c900}> (0x0000000712f7c900) 
thrown [s\open\src\hotspot\share\prims\jni.cpp, line 518]

VM Operations (6 events):
Event: 0.226 Executing VM operation: HandshakeAllThreads (Deoptimize)
Event: 0.226 Executing VM operation: HandshakeAllThreads (Deoptimize) done
Event: 0.227 Executing VM operation: HandshakeAllThreads (Deoptimize)
Event: 0.227 Executing VM operation: HandshakeAllThreads (Deoptimize) done
Event: 0.241 Executing VM operation: JFRSafepointClear
Event: 0.241 Executing VM operation: JFRSafepointClear done

Memory protections (0 events):
No events

Nmethod flushes (0 events):
No events

Events (15 events):
Event: 0.030 Thread 0x000001f020b2b4f0 Thread added: 0x000001f020b2b4f0
Event: 0.038 Thread 0x000001f020b2b4f0 Thread added: 0x000001f020841a90
Event: 0.038 Thread 0x000001f020b2b4f0 Thread added: 0x000001f0208423d0
Event: 0.038 Thread 0x000001f020b2b4f0 Thread added: 0x000001f020846660
Event: 0.038 Thread 0x000001f020b2b4f0 Thread added: 0x000001f02084b970
Event: 0.038 Thread 0x000001f020b2b4f0 Thread added: 0x000001f02084d010
Event: 0.038 Thread 0x000001f020b2b4f0 Thread added: 0x000001f02084e6b0
Event: 0.038 Thread 0x000001f020b2b4f0 Thread added: 0x000001f035a6ba10
Event: 0.054 Thread 0x000001f035a6ba10 Thread added: 0x000001f035ac8f30
Event: 0.063 Thread 0x000001f035a6ba10 Thread added: 0x000001f035ac70f0
Event: 0.064 Thread 0x000001f035a6ba10 Thread added: 0x000001f035ac9e50
Event: 0.071 Thread 0x000001f020b2b4f0 Thread added: 0x000001f035c24490
Event: 0.108 Thread 0x000001f020b2b4f0 Thread added: 0x000001f035d3cf50
Event: 0.155 Thread 0x000001f020b2b4f0 Thread added: 0x000001f07b25b9f0
Event: 0.225 Thread 0x000001f020b2b4f0 Thread added: 0x000001f07c813460


Dynamic libraries:
0x00007ff79d760000 - 0x00007ff79d76e000 	C:\Users\user\.jdks\openjdk-24.0.1\bin\java.exe
0x00007ffa8e620000 - 0x00007ffa8e886000 	C:\WINDOWS\SYSTEM32\ntdll.dll
0x00007ffa8da70000 - 0x00007ffa8db39000 	C:\WINDOWS\System32\KERNEL32.DLL
0x00007ffa8c010000 - 0x00007ffa8c3dc000 	C:\WINDOWS\System32\KERNELBASE.dll
0x00007ffa8b7e0000 - 0x00007ffa8b92b000 	C:\WINDOWS\System32\ucrtbase.dll
0x00007ffa76860000 - 0x00007ffa76876000 	C:\Users\user\.jdks\openjdk-24.0.1\bin\jli.dll
0x00007ffa6a940000 - 0x00007ffa6a95b000 	C:\Users\user\.jdks\openjdk-24.0.1\bin\VCRUNTIME140.dll
0x00007ffa8cdc0000 - 0x00007ffa8cf8a000 	C:\WINDOWS\System32\USER32.dll
0x00007ffa78380000 - 0x00007ffa7861a000 	C:\WINDOWS\WinSxS\amd64_microsoft.windows.common-controls_6595b64144ccf1df_6.0.26100.3912_none_3e07963ce335137e\COMCTL32.dll
0x00007ffa8b7b0000 - 0x00007ffa8b7d7000 	C:\WINDOWS\System32\win32u.dll
0x00007ffa8e1e0000 - 0x00007ffa8e289000 	C:\WINDOWS\System32\msvcrt.dll
0x00007ffa8e1b0000 - 0x00007ffa8e1db000 	C:\WINDOWS\System32\GDI32.dll
0x00007ffa8b930000 - 0x00007ffa8ba62000 	C:\WINDOWS\System32\gdi32full.dll
0x00007ffa8bbf0000 - 0x00007ffa8bc93000 	C:\WINDOWS\System32\msvcp_win.dll
0x00007ffa8e5a0000 - 0x00007ffa8e5d0000 	C:\WINDOWS\System32\IMM32.DLL
0x00007ffa88430000 - 0x00007ffa8843c000 	C:\Users\user\.jdks\openjdk-24.0.1\bin\vcruntime140_1.dll
0x00007ffa633e0000 - 0x00007ffa6346e000 	C:\Users\user\.jdks\openjdk-24.0.1\bin\msvcp140.dll
0x00007ffa0f680000 - 0x00007ffa10422000 	C:\Users\user\.jdks\openjdk-24.0.1\bin\server\jvm.dll
0x00007ffa8d9b0000 - 0x00007ffa8da62000 	C:\WINDOWS\System32\ADVAPI32.dll
0x00007ffa8c440000 - 0x00007ffa8c4e6000 	C:\WINDOWS\System32\sechost.dll
0x00007ffa8e480000 - 0x00007ffa8e596000 	C:\WINDOWS\System32\RPCRT4.dll
0x00007ffa8c580000 - 0x00007ffa8c5f4000 	C:\WINDOWS\System32\WS2_32.dll
0x00007ffa8ac60000 - 0x00007ffa8acbe000 	C:\WINDOWS\SYSTEM32\POWRPROF.dll
0x00007ffa81660000 - 0x00007ffa81696000 	C:\WINDOWS\SYSTEM32\WINMM.dll
0x00007ffa7ffc0000 - 0x00007ffa7ffcb000 	C:\WINDOWS\SYSTEM32\VERSION.dll
0x00007ffa8ac10000 - 0x00007ffa8ac24000 	C:\WINDOWS\SYSTEM32\UMPDC.dll
0x00007ffa8a570000 - 0x00007ffa8a58a000 	C:\WINDOWS\SYSTEM32\kernel.appcore.dll
0x00007ffa72130000 - 0x00007ffa7213a000 	C:\Users\user\.jdks\openjdk-24.0.1\bin\jimage.dll
0x00007ffa88f00000 - 0x00007ffa89141000 	C:\WINDOWS\SYSTEM32\DBGHELP.DLL
0x00007ffa8cf90000 - 0x00007ffa8d314000 	C:\WINDOWS\System32\combase.dll
0x00007ffa8e390000 - 0x00007ffa8e470000 	C:\WINDOWS\System32\OLEAUT32.dll
0x00007ffa6a400000 - 0x00007ffa6a439000 	C:\WINDOWS\SYSTEM32\dbgcore.DLL
0x00007ffa8bee0000 - 0x00007ffa8bf79000 	C:\WINDOWS\System32\bcryptPrimitives.dll
0x00007ffa63780000 - 0x00007ffa6378f000 	C:\Users\user\.jdks\openjdk-24.0.1\bin\instrument.dll
0x00007ffa6a910000 - 0x00007ffa6a92e000 	C:\Users\user\.jdks\openjdk-24.0.1\bin\java.dll
0x00007ffa8d4d0000 - 0x00007ffa8d66f000 	C:\WINDOWS\System32\ole32.dll
0x00007ffa8c600000 - 0x00007ffa8cd2d000 	C:\WINDOWS\System32\SHELL32.dll
0x00007ffa8bd60000 - 0x00007ffa8bed4000 	C:\WINDOWS\System32\wintypes.dll
0x00007ffa180f0000 - 0x00007ffa182e8000 	C:\Users\user\AppData\Local\Temp\idea_libasyncProfiler_dll_temp_folder\libasyncProfiler.dll
0x00007ffa89460000 - 0x00007ffa89cb6000 	C:\WINDOWS\SYSTEM32\windows.storage.dll
0x00007ffa8e290000 - 0x00007ffa8e37f000 	C:\WINDOWS\System32\SHCORE.dll
0x00007ffa8c500000 - 0x00007ffa8c569000 	C:\WINDOWS\System32\shlwapi.dll
0x00007ffa8b690000 - 0x00007ffa8b6bf000 	C:\WINDOWS\SYSTEM32\profapi.dll
0x00007ffa6a4a0000 - 0x00007ffa6a4b7000 	C:\Users\user\.jdks\openjdk-24.0.1\bin\zip.dll
0x00007ffa6a7c0000 - 0x00007ffa6a7d0000 	C:\Users\user\.jdks\openjdk-24.0.1\bin\net.dll
0x00007ffa8ab70000 - 0x00007ffa8abda000 	C:\WINDOWS\system32\mswsock.dll
0x00007ffa6a7a0000 - 0x00007ffa6a7b6000 	C:\Users\user\.jdks\openjdk-24.0.1\bin\nio.dll
0x00007ffa6a550000 - 0x00007ffa6a559000 	C:\Users\user\.jdks\openjdk-24.0.1\bin\extnet.dll
0x00007ffa8a0a0000 - 0x00007ffa8a1c7000 	C:\WINDOWS\SYSTEM32\DNSAPI.dll
0x00007ffa89fb0000 - 0x00007ffa89fe3000 	C:\WINDOWS\SYSTEM32\IPHLPAPI.DLL
0x00007ffa8c570000 - 0x00007ffa8c57a000 	C:\WINDOWS\System32\NSI.dll
0x00007ffa838b0000 - 0x00007ffa838bb000 	C:\Windows\System32\rasadhlp.dll
0x00007ffa84a80000 - 0x00007ffa84b06000 	C:\WINDOWS\System32\fwpuclnt.dll
0x00007ffa71a00000 - 0x00007ffa71a0a000 	C:\Users\user\.jdks\openjdk-24.0.1\bin\management.dll
0x00007ffa6a790000 - 0x00007ffa6a79b000 	C:\Users\user\.jdks\openjdk-24.0.1\bin\management_ext.dll
0x00007ffa8d6b0000 - 0x00007ffa8d6b8000 	C:\WINDOWS\System32\PSAPI.DLL

JVMTI agents:
C:\Users\user\AppData\Local\Programs\IntelliJ IDEA Ultimate\lib\idea_rt.jar path:C:\Users\user\.jdks\openjdk-24.0.1\bin\instrument.dll, loaded, initialized, instrumentlib options:56356
C:\Users\user\AppData\Local\Temp\idea_libasyncProfiler_dll_temp_folder\libasyncProfiler.dll path:C:\Users\user\AppData\Local\Temp\idea_libasyncProfiler_dll_temp_folder\libasyncProfiler.dll, loaded, initialized, options:start,jfr,event=wall,interval=10ms,jfrsync=profile,cstack=no,file=C:\Users\user\IdeaSnapshots\BookStoreApplication_2025_05_28_182059.jfr,dbghelppath=C:\Users\user\AppData\Local\Temp\idea_dbghelp_dll_temp_folder\dbghelp.dll,log=C:\Users\user\AppData\Local\Temp\BookStoreApplication_2025_05_28_182059.jfr.log.txt,logLevel=DEBUG

dbghelp: loaded successfully - version: 4.0.5 - missing functions: none
symbol engine: initialized successfully - sym options: 0x614 - pdb path: .;C:\Users\user\.jdks\openjdk-24.0.1\bin;C:\WINDOWS\SYSTEM32;C:\WINDOWS\WinSxS\amd64_microsoft.windows.common-controls_6595b64144ccf1df_6.0.26100.3912_none_3e07963ce335137e;C:\Users\user\.jdks\openjdk-24.0.1\bin\server;C:\Users\user\AppData\Local\Temp\idea_libasyncProfiler_dll_temp_folder

VM Arguments:
jvm_args: -XX:TieredStopAtLevel=1 -Dspring.output.ansi.enabled=always -Dcom.sun.management.jmxremote -Dspring.jmx.enabled=true -Dspring.liveBeansView.mbeanDomain -Dspring.application.admin.enabled=true -Dmanagement.endpoints.jmx.exposure.include=* -javaagent:C:\Users\user\AppData\Local\Programs\IntelliJ IDEA Ultimate\lib\idea_rt.jar=56356 -agentpath:C:\Users\user\AppData\Local\Temp\idea_libasyncProfiler_dll_temp_folder\libasyncProfiler.dll=start,jfr,event=wall,interval=10ms,jfrsync=profile,cstack=no,file=C:\Users\user\IdeaSnapshots\BookStoreApplication_2025_05_28_182059.jfr,dbghelppath=C:\Users\user\AppData\Local\Temp\idea_dbghelp_dll_temp_folder\dbghelp.dll,log=C:\Users\user\AppData\Local\Temp\BookStoreApplication_2025_05_28_182059.jfr.log.txt,logLevel=DEBUG -Dfile.encoding=UTF-8 -Dsun.stdout.encoding=UTF-8 -Dsun.stderr.encoding=UTF-8 
java_command: com.shamiinnocent.bookstore.BookStoreApplication
java_class_path (initial): C:\Users\user\Documents\ne_template\spring_boot\spring_boot_book\bookStore\target\classes;C:\Users\user\.m2\repository\org\springframework\boot\spring-boot-starter-data-jpa\3.5.0\spring-boot-starter-data-jpa-3.5.0.jar;C:\Users\user\.m2\repository\org\springframework\boot\spring-boot-starter\3.5.0\spring-boot-starter-3.5.0.jar;C:\Users\user\.m2\repository\org\springframework\boot\spring-boot\3.5.0\spring-boot-3.5.0.jar;C:\Users\user\.m2\repository\org\springframework\boot\spring-boot-autoconfigure\3.5.0\spring-boot-autoconfigure-3.5.0.jar;C:\Users\user\.m2\repository\org\springframework\boot\spring-boot-starter-logging\3.5.0\spring-boot-starter-logging-3.5.0.jar;C:\Users\user\.m2\repository\ch\qos\logback\logback-classic\1.5.18\logback-classic-1.5.18.jar;C:\Users\user\.m2\repository\ch\qos\logback\logback-core\1.5.18\logback-core-1.5.18.jar;C:\Users\user\.m2\repository\org\apache\logging\log4j\log4j-to-slf4j\2.24.3\log4j-to-slf4j-2.24.3.jar;C:\Users\user\.m2\repository\org\apache\logging\log4j\log4j-api\2.24.3\log4j-api-2.24.3.jar;C:\Users\user\.m2\repository\org\slf4j\jul-to-slf4j\2.0.17\jul-to-slf4j-2.0.17.jar;C:\Users\user\.m2\repository\jakarta\annotation\jakarta.annotation-api\2.1.1\jakarta.annotation-api-2.1.1.jar;C:\Users\user\.m2\repository\org\yaml\snakeyaml\2.4\snakeyaml-2.4.jar;C:\Users\user\.m2\repository\org\springframework\boot\spring-boot-starter-jdbc\3.5.0\spring-boot-starter-jdbc-3.5.0.jar;C:\Users\user\.m2\repository\com\zaxxer\HikariCP\6.3.0\HikariCP-6.3.0.jar;C:\Users\user\.m2\repository\org\springframework\spring-jdbc\6.2.7\spring-jdbc-6.2.7.jar;C:\Users\user\.m2\repository\org\hibernate\orm\hibernate-core\6.6.15.Final\hibernate-core-6.6.15.Final.jar;C:\Users\user\.m2\repository\jakarta\persistence\jakarta.persistence-api\3.1.0\jakarta.persistence-api-3.1.0.jar;C:\Users\user\.m2\repository\jakarta\transaction\jakarta.transaction-api\2.0.1\jakarta.transaction-api-2.0.1.jar;C:\Users\user\.m2\repository\org\jboss\logging\jboss-logging\3.6.1.Final\jboss-logging-3.6.1.Final.jar;C:\Users\user\.m2\repository\org\hibernate\common\hibernate-commons-annotations\7.0.3.Final\hibernate-commons-annotations-7.0.3.Final.jar;C:\Users\user\.m2\repository\io\smallrye\jandex\3.2.0\jandex-3.2.0.jar;C:\Users\user\.m2\repository\com\fasterxml\classmate\1.7.0\classmate-1.7.0.jar;C:\Users\user\.m2\repository\net\bytebuddy\byte-buddy\1.17.5\byte-buddy-1.17.5.jar;C:\Users\user\.m2\repository\org\glassfish\jaxb\jaxb-runtime\4.0.5\jaxb-runtime-4.0.5.jar;C:\Users\user\.m2\repository\org\glassfish\jaxb\jaxb-core\4.0.5\jaxb-core-4.0.5.jar;C:\Users\user\.m2\repository\org\eclipse\angus\angus-activation\2.0.2\angus-activation-2.0.2.jar;C:\Users\user\.m2\repository\org\glassfish\jaxb\txw2\4.0.5\txw2-4.0.5.jar;C:\Users\user\.m2\repository\com\sun\istack\istack-commons-runtime\4.1.2\istack-commons-runtime-4.1.2.jar;C:\Users\user\.m2\repository\jakarta\inject\jakarta.inject-api\2.0.1\jakarta.inject-api-2.0.1.jar;C:\Users\user\.m2\repository\org\antlr\antlr4-runtime\4.13.0\antlr4-runtime-4.13.0.jar;C:\Users\user\.m2\repository\org\springframework\data\spring-data-jpa\3.5.0\spring-data-jpa-3.5.0.jar;C:\Users\user\.m2\repository\org\springframework\data\spring-data-commons\3.5.0\spring-data-commons-3.5.0.jar;C:\Users\user\.m2\repository\org\springframework\spring-orm\6.2.7\spring-orm-6.2.7.jar;C:\Users\user\.m2\repository\org\springframework\spring-context\6.2.7\spring-context-6.2.7.jar;C:\Users\user\.m2\repository\org\springframework\spring-expression\6.2.7\spring-expression-6.2.7.jar;C:\Users\user\.m2\repository\io\micrometer\micrometer-observation\1.15.0\micrometer-observation-1.15.0.jar;C:\Users\user\.m2\repository\io\micrometer\micrometer-commons\1.15.0\micrometer-commons-1.15.0.jar;C:\Users\user\.m2\repository\org\springframework\spring-aop\6.2.7\spring-aop-6.2.7.jar;C:\Users\user\.m2\repository\org\springframework\spring-tx\6.2.7\spring-tx-6.2.7.jar;C:\Users\user\.m2\repository\org\springframework\spring-beans\6.2.7\spring-beans-6.2.7.jar;C:\Users\user\.m2\repository\org\slf4j\slf4j-api\2.0.17\slf4j-api-2.0.17.jar;C:\Users\user\.m2\repository\org\springframework\spring-aspects\6.2.7\spring-aspects-6.2.7.jar;C:\Users\user\.m2\repository\org\aspectj\aspectjweaver\1.9.24\aspectjweaver-1.9.24.jar;C:\Users\user\.m2\repository\org\postgresql\postgresql\42.7.5\postgresql-42.7.5.jar;C:\Users\user\.m2\repository\org\checkerframework\checker-qual\3.48.3\checker-qual-3.48.3.jar;C:\Users\user\.m2\repository\org\projectlombok\lombok\1.18.38\lombok-1.18.38.jar;C:\Users\user\.m2\repository\jakarta\xml\bind\jakarta.xml.bind-api\4.0.2\jakarta.xml.bind-api-4.0.2.jar;C:\Users\user\.m2\repository\jakarta\activation\jakarta.activation-api\2.1.3\jakarta.activation-api-2.1.3.jar;C:\Users\user\.m2\repository\org\springframework\spring-core\6.2.7\spring-core-6.2.7.jar;C:\Users\user\.m2\repository\org\springframework\spring-jcl\6.2.7\spring-jcl-6.2.7.jar
Launcher Type: SUN_STANDARD

[Global flags]
     intx CICompilerCount                          = 12                                        {product} {ergonomic}
     uint ConcGCThreads                            = 4                                         {product} {ergonomic}
     bool FlightRecorder                           = true                                      {product} {management}
     uint G1ConcRefinementThreads                  = 15                                        {product} {ergonomic}
   size_t G1HeapRegionSize                         = 2097152                                   {product} {ergonomic}
   size_t InitialHeapSize                          = 264241152                                 {product} {ergonomic}
     bool ManagementServer                         = true                                      {product} {command line}
   size_t MarkStackSize                            = 4194304                                   {product} {ergonomic}
   size_t MarkStackSizeMax                         = 536870912                                 {product} {ergonomic}
   size_t MaxHeapSize                              = 4221566976                                {product} {ergonomic}
   size_t MaxNewSize                               = 2531262464                                {product} {ergonomic}
   size_t MinHeapDeltaBytes                        = 2097152                                   {product} {ergonomic}
   size_t MinHeapSize                              = 8388608                                   {product} {ergonomic}
    uintx NonNMethodCodeHeapSize                   = 4096                                   {pd product} {ergonomic}
    uintx NonProfiledCodeHeapSize                  = 0                                      {pd product} {ergonomic}
     bool ProfileInterpreter                       = false                                  {pd product} {command line}
    uintx ProfiledCodeHeapSize                     = 0                                      {pd product} {ergonomic}
   size_t SoftMaxHeapSize                          = 4221566976                             {manageable} {ergonomic}
     intx TieredStopAtLevel                        = 1                                         {product} {command line}
     bool UseCompressedOops                        = true                           {product lp64_product} {ergonomic}
     bool UseG1GC                                  = true                                      {product} {ergonomic}
     bool UseLargePagesIndividualAllocation        = false                                  {pd product} {ergonomic}

Logging:
Log output configuration:
 #0: stdout all=warning uptime,level,tags foldmultilines=false
 #1: stderr all=off uptime,level,tags foldmultilines=false

Environment Variables:
PATH=C:\Program Files\Common Files\Oracle\Java\javapath;C:\WINDOWS\system32;C:\WINDOWS;C:\WINDOWS\System32\Wbem;C:\WINDOWS\System32\WindowsPowerShell\v1.0\;C:\WINDOWS\System32\OpenSSH\;C:\Program Files\nodejs\;C:\Program Files\Git\cmd;C:\MinGW\bin;C:\Users\user\AppData\Local\Microsoft\WindowsApps;C:\Users\user\AppData\Local\Programs\Microsoft VS Code\bin;C:\Users\user\AppData\Local\JetBrains\Toolbox\scripts;C:\Users\user\AppData\Roaming\npm;C:\Users\user\.lmstudio\bin;C:\MinGW\bin;C:\msys64\ucrt64\bin;C:\Users\user\AppData\Local\Microsoft\WindowsApps;C:\Users\user\AppData\Local\Android\Sdk\emulator;C:\Users\user\AppData\Local\Android\Sdk\platform-tools;
USERNAME=user
OS=Windows_NT
PROCESSOR_IDENTIFIER=Intel64 Family 6 Model 151 Stepping 2, GenuineIntel
TMP=C:\Users\user\AppData\Local\Temp
TEMP=C:\Users\user\AppData\Local\Temp




Periodic native trim disabled

---------------  S Y S T E M  ---------------

OS:
 Windows 11 , 64 bit Build 26100 (10.0.26100.3912)
OS uptime: 1 days 0:44 hours

CPU: total 20 (initial active 20) (10 cores per cpu, 2 threads per core) family 6 model 151 stepping 2 microcode 0x1e, cx8, cmov, fxsr, ht, mmx, 3dnowpref, sse, sse2, sse3, ssse3, sse4.1, sse4.2, popcnt, lzcnt, tsc, tscinvbit, avx, avx2, aes, erms, clmul, bmi1, bmi2, adx, sha, fma, vzeroupper, clflush, clflushopt, clwb, serialize, rdtscp, rdpid, fsrm, gfni, f16c, pku, cet_ibt, cet_ss
Processor Information for processor 0
  Max Mhz: 2100, Current Mhz: 2100, Mhz Limit: 2100
Processor Information for processor 1
  Max Mhz: 2100, Current Mhz: 2100, Mhz Limit: 2100
Processor Information for processor 2
  Max Mhz: 2100, Current Mhz: 2100, Mhz Limit: 2100
Processor Information for processor 3
  Max Mhz: 2100, Current Mhz: 2100, Mhz Limit: 2100
Processor Information for processor 4
  Max Mhz: 2100, Current Mhz: 2100, Mhz Limit: 2100
Processor Information for processor 5
  Max Mhz: 2100, Current Mhz: 2100, Mhz Limit: 2100
Processor Information for processor 6
  Max Mhz: 2100, Current Mhz: 2100, Mhz Limit: 2100
Processor Information for processor 7
  Max Mhz: 2100, Current Mhz: 2100, Mhz Limit: 2100
Processor Information for processor 8
  Max Mhz: 2100, Current Mhz: 2100, Mhz Limit: 2100
Processor Information for processor 9
  Max Mhz: 2100, Current Mhz: 2100, Mhz Limit: 2100
Processor Information for processor 10
  Max Mhz: 2100, Current Mhz: 2100, Mhz Limit: 2100
Processor Information for processor 11
  Max Mhz: 2100, Current Mhz: 2100, Mhz Limit: 2100
Processor Information for processor 12
  Max Mhz: 2100, Current Mhz: 2100, Mhz Limit: 2100
Processor Information for processor 13
  Max Mhz: 2100, Current Mhz: 2100, Mhz Limit: 2100
Processor Information for processor 14
  Max Mhz: 2100, Current Mhz: 2100, Mhz Limit: 2100
Processor Information for processor 15
  Max Mhz: 2100, Current Mhz: 2100, Mhz Limit: 2100
Processor Information for processor 16
  Max Mhz: 2100, Current Mhz: 1600, Mhz Limit: 1596
Processor Information for processor 17
  Max Mhz: 2100, Current Mhz: 1600, Mhz Limit: 1596
Processor Information for processor 18
  Max Mhz: 2100, Current Mhz: 1600, Mhz Limit: 1596
Processor Information for processor 19
  Max Mhz: 2100, Current Mhz: 1600, Mhz Limit: 1596

Memory: 4k page, system-wide physical 16099M (3563M free)
TotalPageFile size 28387M (AvailPageFile size 11369M)
current process WorkingSet (physical memory assigned to process): 82M, peak: 82M
current process commit charge ("private bytes"): 395M, peak: 395M

vm_info: OpenJDK 64-Bit Server VM (24.0.1+9-30) for windows-amd64 JRE (24.0.1+9-30), built on 2025-03-05T07:23:45Z with MS VC++ 17.6 (VS2022)

END.
